
Starting at 2021-11-06 11:55:00 Pacific time 
Already up to date.
Completed at 2021-11-06 11:55:21 Pacific time 
[master be9d874] Updated 2021-11-06 11:55:21
 3 files changed, 41 insertions(+), 51 deletions(-)
 rewrite nba-over-under-2021-2022/make_plot_html.log (99%)
To github.com:ismayc/ismayc.github.io.git
   626b827..be9d874  master -> master

Starting at 2021-11-07 04:15:01 Pacific time 
Already up to date.
Completed at 2021-11-07 04:15:27 Pacific time 
[master 4ab67dc] Updated 2021-11-07 04:15:27
 4 files changed, 207 insertions(+), 223 deletions(-)
 create mode 100644 nba-over-under-2021-2022/rds/game_results_raw_through_2021-11-06.rds
 create mode 100644 nba-over-under-2021-2022/rds/standings_through_2021-11-06.rds
To github.com:ismayc/ismayc.github.io.git
   be9d874..4ab67dc  master -> master

Starting at 2021-11-08 04:15:02 Pacific time 
Already up to date.
Completed at 2021-11-08 04:15:30 Pacific time 
fatal: Unable to create '/Users/chester/Desktop/ismayc.github.io/.git/index.lock': File exists.

Another git process seems to be running in this repository, e.g.
an editor opened by 'git commit'. Please make sure all processes
are terminated then try again. If it still fails, a git process
may have crashed in this repository earlier:
remove the file manually to continue.
Everything up-to-date

Starting at 2021-11-21 11:32:23 Pacific time 
Already up to date.
Completed at 2021-11-21 11:32:47 Pacific time 
