Fatal error: cannot open file '/Users/chester/Desktop/nba-over-under-2020-2021/make_plot_html.R': Operation not permitted
Error: pandoc version 1.12.3 or higher is required and was not found (see the help page ?rmarkdown::pandoc_available).
Execution halted

Starting at 2021-02-07 06:20:01

processing file: make_plots.Rmd
  |                                                                              |                                                                      |   0%  |                                                                              |.....                                                                 |   8%
  ordinary text without R code

  |                                                                              |...........                                                           |  15%
label: setup (with options) 
List of 1
 $ include: logi FALSE

Quitting from lines 9-12 (make_plots.Rmd) 
Error: Columns 1, 2, 3, 4, 5, and 2439 more must be named.
Backtrace:
     x
  1. +-rmarkdown::render(...)
  2. | \-knitr::knit(knit_input, knit_output, envir = envir, quiet = quiet)
  3. |   \-knitr:::process_file(text, output)
  4. |     +-base::withCallingHandlers(...)
  5. |     +-knitr:::process_group(group)
  6. |     \-knitr:::process_group.block(group)
  7. |       \-knitr:::call_block(x)
  8. |         \-knitr:::block_exec(params)
  9. |           +-knitr:::in_dir(...)
 10. |           \-knitr:::evaluate(...)
 11. |             \-evaluate::evaluate(...)
 12. |               \-evaluate:::evaluate_call(...)
 13. |                 +-evaluate:::timing_fn(...)
 14. |                 +-base:::handle(...)
 15. |                 +-base::withCallingHandlers(...)
 16. |                 +-base::withVisible(eval(expr, envir, enclos))
 17. |                 \-base::eval(expr, envir, enclos)
 18. |                   \-base::eval(expr, envir, enclos)
 19. +-base::source("01-03.R")
 20. | +-base::withVisible(eval(ei, envir))
 21. | \-base::eval(ei, envir)
 22. |   \-base::eval(ei, envir)
 23. +-purrr::walk(r_files, source)
 24. | \-purrr::map(.x, .f, ...)
 25. |   \-base:::.f(.x[[i]], ...)
 26. |     +-base::withVisible(eval(ei, envir))
 27. |     \-base::eval(ei, envir)
 28. |       \-base::eval(ei, envir)
 29. +-`%>%`(...)
 30. +-dplyr::select(...)
 31. +-dplyr::mutate(...)
 32. +-dplyr::filter(., !is.na(scoreAway))
 33. +-dplyr::filter(., dateGame >= "2020-12-22")
 34. +-global::current_schedule()
 35. | \-`%>%`(...)
 36. +-base::suppressMessages(.)
 37. | \-base::withCallingHandlers(...)
 38. +-dplyr::mutate(., idRow = 1:n())
 39. +-dplyr::select(., idTeamHome, nameTeamHome, everything())
 40. +-dplyr::left_join(...)
 41. +-dplyr::mutate(., idRow = 1:n())
 42. +-dplyr::mutate_all(., as.numeric)
 43. | \-dplyr:::check_grouped(.tbl, "mutate", "all", alt = TRUE)
 44. |   \-dplyr::is_grouped_df(tbl)
 45. +-purrr::set_names(...)
 46. +-dplyr::as_tibble(.)
 47. \-tibble:::as_tibble.list(.)
 48.   \-tibble:::lst_to_tibble(x, .rows, .name_repair, col_lengths(x))
 49.     \-tibble:::set_repaired_names(x, .name_repair)
 50.       +-rlang::set_names(...)
 51.       \-tibble:::repaired_names(...)
 52.         +-tibble:::subclass_name_repair_errors(...)
 53.         | \-base::withCallingHandlers(...)
 54.         \-vctrs::vec_as_names(...)
 55.           \-(function () ...
 56.             \-vctrs:::validate_unique(names = names, arg = arg)
 57.               \-vctrs:::stop_names_cannot_be_empty(names)
 58.                 \-vctrs:::stop_names(...)
 59.                   \-vctrs:::stop_vctrs(class = c(class, "vctrs_error_names"), ...)

Execution halted
